2020-04-17 11:39:50 [scrapy.utils.log] INFO: Scrapy 2.0.1 started (bot: zuhao)
2020-04-17 11:39:50 [scrapy.utils.log] INFO: Versions: lxml 4.5.0.0, libxml2 2.9.10, cssselect 1.1.0, parsel 1.5.2, w3lib 1.21.0, Twisted 20.3.0, Python 3.5.2 (default, Oct  8 2019, 13:06:37) - [GCC 5.4.0 20160609], pyOpenSSL 19.1.0 (OpenSSL 1.1.1d  10 Sep 2019), cryptography 2.8, Platform Linux-4.15.0-96-generic-x86_64-with-Ubuntu-16.04-xenial
2020-04-17 11:39:50 [scrapy.utils.log] DEBUG: Using reactor: twisted.internet.epollreactor.EPollReactor
2020-04-17 11:39:50 [scrapy.crawler] INFO: Overridden settings:
{'BOT_NAME': 'zuhao',
 'LOG_FILE': 'wz.log',
 'NEWSPIDER_MODULE': 'zuhao.spiders',
 'ROBOTSTXT_OBEY': True,
 'SPIDER_MODULES': ['zuhao.spiders']}
2020-04-17 11:39:50 [scrapy.extensions.telnet] INFO: Telnet Password: b0a4d0897167c159
2020-04-17 11:39:50 [scrapy.middleware] INFO: Enabled extensions:
['scrapy.extensions.logstats.LogStats',
 'scrapy.extensions.corestats.CoreStats',
 'scrapy.extensions.telnet.TelnetConsole',
 'scrapy.extensions.memusage.MemoryUsage']
2020-04-17 11:39:50 [scrapy.middleware] INFO: Enabled downloader middlewares:
['scrapy.downloadermiddlewares.robotstxt.RobotsTxtMiddleware',
 'scrapy.downloadermiddlewares.httpauth.HttpAuthMiddleware',
 'scrapy.downloadermiddlewares.downloadtimeout.DownloadTimeoutMiddleware',
 'scrapy.downloadermiddlewares.defaultheaders.DefaultHeadersMiddleware',
 'scrapy.downloadermiddlewares.useragent.UserAgentMiddleware',
 'scrapy.downloadermiddlewares.retry.RetryMiddleware',
 'scrapy.downloadermiddlewares.redirect.MetaRefreshMiddleware',
 'scrapy.downloadermiddlewares.httpcompression.HttpCompressionMiddleware',
 'scrapy.downloadermiddlewares.redirect.RedirectMiddleware',
 'scrapy.downloadermiddlewares.cookies.CookiesMiddleware',
 'scrapy.downloadermiddlewares.httpproxy.HttpProxyMiddleware',
 'scrapy.downloadermiddlewares.stats.DownloaderStats']
2020-04-17 11:39:50 [scrapy.middleware] INFO: Enabled spider middlewares:
['scrapy.spidermiddlewares.httperror.HttpErrorMiddleware',
 'scrapy.spidermiddlewares.offsite.OffsiteMiddleware',
 'scrapy.spidermiddlewares.referer.RefererMiddleware',
 'scrapy.spidermiddlewares.urllength.UrlLengthMiddleware',
 'scrapy.spidermiddlewares.depth.DepthMiddleware']
2020-04-17 11:39:50 [scrapy.middleware] INFO: Enabled item pipelines:
[]
2020-04-17 11:39:50 [scrapy.core.engine] INFO: Spider opened
2020-04-17 11:39:50 [scrapy.extensions.logstats] INFO: Crawled 0 pages (at 0 pages/min), scraped 0 items (at 0 items/min)
2020-04-17 11:39:50 [scrapy.extensions.telnet] INFO: Telnet console listening on 127.0.0.1:6023
2020-04-17 11:39:50 [scrapy.core.engine] DEBUG: Crawled (200) <GET http://www.zuhaowan.com/robots.txt> (referer: None)
2020-04-17 11:39:50 [scrapy.downloadermiddlewares.redirect] DEBUG: Redirecting (301) to <GET https://www.zuhaowan.com/> from <GET http://www.zuhaowan.com/>
2020-04-17 11:39:51 [scrapy.core.engine] DEBUG: Crawled (200) <GET https://www.zuhaowan.com/> (referer: None)
2020-04-17 11:39:51 [scrapy.core.engine] INFO: Closing spider (finished)
2020-04-17 11:39:51 [scrapy.statscollectors] INFO: Dumping Scrapy stats:
{'downloader/request_bytes': 658,
 'downloader/request_count': 3,
 'downloader/request_method_count/GET': 3,
 'downloader/response_bytes': 23939,
 'downloader/response_count': 3,
 'downloader/response_status_count/200': 2,
 'downloader/response_status_count/301': 1,
 'elapsed_time_seconds': 0.648837,
 'finish_reason': 'finished',
 'finish_time': datetime.datetime(2020, 4, 17, 18, 39, 51, 249002),
 'log_count/DEBUG': 3,
 'log_count/INFO': 10,
 'memusage/max': 54448128,
 'memusage/startup': 54448128,
 'response_received_count': 2,
 'robotstxt/request_count': 1,
 'robotstxt/response_count': 1,
 'robotstxt/response_status_count/200': 1,
 'scheduler/dequeued': 2,
 'scheduler/dequeued/memory': 2,
 'scheduler/enqueued': 2,
 'scheduler/enqueued/memory': 2,
 'start_time': datetime.datetime(2020, 4, 17, 18, 39, 50, 600165)}
2020-04-17 11:39:51 [scrapy.core.engine] INFO: Spider closed (finished)
